<?xml version="1.0" encoding="UTF-8"?>
<testng-results ignored="0" total="1" passed="1" failed="0" skipped="0">
  <reporter-output>
  </reporter-output>
  <suite started-at="2022-07-28T13:26:00 IST" name="Default suite" finished-at="2022-07-28T13:26:08 IST" duration-ms="7642">
    <groups>
    </groups>
    <test started-at="2022-07-28T13:26:00 IST" name="Default test" finished-at="2022-07-28T13:26:08 IST" duration-ms="7642">
      <class name="Runner.TestCase3">
        <test-method is-config="true" signature="Before()[pri:0, instance:Runner.TestCase3@4d5b6aac]" started-at="2022-07-28T13:26:01 IST" name="Before" finished-at="2022-07-28T13:26:07 IST" duration-ms="6636" status="PASS">
          <reporter-output>
          </reporter-output>
        </test-method> <!-- Before -->
        <test-method signature="test()[pri:3, instance:Runner.TestCase3@4d5b6aac]" started-at="2022-07-28T13:26:07 IST" name="test" finished-at="2022-07-28T13:26:07 IST" duration-ms="22" status="PASS">
          <reporter-output>
          </reporter-output>
        </test-method> <!-- test -->
        <test-method is-config="true" signature="After()[pri:0, instance:Runner.TestCase3@4d5b6aac]" started-at="2022-07-28T13:26:07 IST" name="After" finished-at="2022-07-28T13:26:08 IST" duration-ms="931" status="PASS">
          <reporter-output>
          </reporter-output>
        </test-method> <!-- After -->
      </class> <!-- Runner.TestCase3 -->
    </test> <!-- Default test -->
  </suite> <!-- Default suite -->
</testng-results>
